<?xml version="1.0" encoding="UTF-8"?>
<!-- Generated by org.testng.reporters.JUnitXMLReporter -->
<testsuite ignored="1" hostname="DESKTOP-0BH9N96" failures="0" tests="3" name="Default test" time="8.494" errors="0" timestamp="2025-04-16T05:36:51 IST">
  <testcase classname="org.qa.opencart.tests.LoginPageTest" name="verifyLoginTitle" time="0.024"/>
  <testcase classname="org.qa.opencart.tests.LoginPageTest" name="verifyLoginUrl" time="0.012"/>
  <testcase classname="org.qa.opencart.tests.LoginPageTest" name="verifyLoginFunctionalityWithExcel" time="0.718"/>
  <testcase classname="org.qa.opencart.tests.LoginPageTest" name="verifyLoginFunctionalityWithPropertiesFile" time="0.0">
    <ignored/>
  </testcase> <!-- verifyLoginFunctionalityWithPropertiesFile -->
</testsuite> <!-- Default test -->
