<?xml version="1.0" encoding="UTF-8"?>
<testng-results ignored="0" total="3" passed="3" failed="0" skipped="0">
  <reporter-output>
  </reporter-output>
  <suite started-at="2025-04-16T05:36:42 IST" name="Default suite" finished-at="2025-04-16T05:36:51 IST" duration-ms="8494">
    <groups>
    </groups>
    <test started-at="2025-04-16T05:36:42 IST" name="Default test" finished-at="2025-04-16T05:36:51 IST" duration-ms="8494">
      <class name="org.qa.opencart.tests.LoginPageTest">
        <test-method is-config="true" signature="setUp()[pri:0, instance:org.qa.opencart.tests.LoginPageTest@33065d67]" started-at="2025-04-16T05:36:42 IST" name="setUp" finished-at="2025-04-16T05:36:47 IST" duration-ms="5360" status="PASS">
          <reporter-output>
          </reporter-output>
        </test-method> <!-- setUp -->
        <test-method signature="verifyLoginTitle()[pri:1, instance:org.qa.opencart.tests.LoginPageTest@33065d67]" started-at="2025-04-16T05:36:47 IST" name="verifyLoginTitle" finished-at="2025-04-16T05:36:47 IST" duration-ms="24" status="PASS">
          <reporter-output>
          </reporter-output>
        </test-method> <!-- verifyLoginTitle -->
        <test-method signature="verifyLoginUrl()[pri:2, instance:org.qa.opencart.tests.LoginPageTest@33065d67]" started-at="2025-04-16T05:36:48 IST" name="verifyLoginUrl" finished-at="2025-04-16T05:36:48 IST" duration-ms="12" status="PASS">
          <reporter-output>
          </reporter-output>
        </test-method> <!-- verifyLoginUrl -->
        <test-method signature="verifyLoginFunctionalityWithExcel(java.lang.String,java.lang.String)[pri:3, instance:org.qa.opencart.tests.LoginPageTest@33065d67]" started-at="2025-04-16T05:36:49 IST" name="verifyLoginFunctionalityWithExcel" data-provider="getLoginTestExcelData" finished-at="2025-04-16T05:36:50 IST" duration-ms="718" status="PASS">
          <params>
            <param index="0">
              <value>
                <![CDATA[FebBatch2024@opencart.com]]>
              </value>
            </param>
            <param index="1">
              <value>
                <![CDATA[1234567]]>
              </value>
            </param>
          </params>
          <reporter-output>
          </reporter-output>
        </test-method> <!-- verifyLoginFunctionalityWithExcel -->
        <test-method is-config="true" signature="tearDown()[pri:0, instance:org.qa.opencart.tests.LoginPageTest@33065d67]" started-at="2025-04-16T05:36:50 IST" name="tearDown" finished-at="2025-04-16T05:36:51 IST" duration-ms="233" status="PASS">
          <reporter-output>
          </reporter-output>
        </test-method> <!-- tearDown -->
      </class> <!-- org.qa.opencart.tests.LoginPageTest -->
    </test> <!-- Default test -->
  </suite> <!-- Default suite -->
</testng-results>
