<?xml version="1.0" encoding="UTF-8"?>
<!-- Generated by org.testng.reporters.JUnitReportReporter -->
<testsuite hostname="DESKTOP-0BH9N96" failures="0" tests="4" name="org.qa.opencart.tests.LoginPageTest" time="0.754" errors="0" timestamp="2025-04-16T05:36:51 IST" skipped="1">
  <testcase classname="org.qa.opencart.tests.LoginPageTest" name="verifyLoginTitle" time="0.024"/>
  <testcase classname="org.qa.opencart.tests.LoginPageTest" name="verifyLoginUrl" time="0.012"/>
  <testcase classname="org.qa.opencart.tests.LoginPageTest" name="verifyLoginFunctionalityWithExcel" time="0.718"/>
  <testcase classname="org.qa.opencart.tests.LoginPageTest" name="verifyLoginFunctionalityWithPropertiesFile">
    <skipped/>
  </testcase> <!-- verifyLoginFunctionalityWithPropertiesFile -->
</testsuite> <!-- org.qa.opencart.tests.LoginPageTest -->
